Arguments: 
  C:\Program Files\nodejs\node.exe C:\Program Files\nodejs\node_modules\yarn\bin\yarn.js add Cheerio

PATH: 
  C:\Users\celso\bin;C:\Program Files\Git\mingw64\bin;C:\Program Files\Git\usr\local\bin;C:\Program Files\Git\usr\bin;C:\Program Files\Git\usr\bin;C:\Program Files\Git\mingw64\bin;C:\Program Files\Git\usr\bin;C:\Users\celso\bin;C:\Program Files (x86)\NVIDIA Corporation\PhysX\Common;C:\WINDOWS\system32;C:\WINDOWS;C:\WINDOWS\System32\Wbem;C:\WINDOWS\System32\WindowsPowerShell\v1.0;C:\WINDOWS\System32\OpenSSH;%NVM_HOME%;%NVM_SYMLINK%;C:\Program Files\Git\cmd;C:\Program Files\dotnet;C:\Program Files\Microsoft VS Code\bin;C:\Program Files (x86)\Common Files\Adobe\AGL;C:\Program Files\Microsoft SQL Server\130\Tools\Binn;C:\Program Files\Microsoft SQL Server\Client SDK\ODBC\170\Tools\Binn;C:\Users\celso\AppData\Local\Microsoft\WindowsApps;C:\Users\celso\AppData\Roaming\nvm;C:\Program Files\nodejs;C:\Program Files\heroku\bin;C:\Users\celso\.dotnet\tools;C:\Program Files\Git\usr\bin\vendor_perl;C:\Program Files\Git\usr\bin\core_perl

Yarn version: 
  1.22.19

Node version: 
  18.12.0

Platform: 
  win32 x64

Trace: 
  Error: https://registry.yarnpkg.com/Cheerio: Not found
      at params.callback [as _callback] (C:\Users\celso\AppData\Roaming\nvm\v18.12.0\node_modules\yarn\lib\cli.js:66145:18)
      at self.callback (C:\Users\celso\AppData\Roaming\nvm\v18.12.0\node_modules\yarn\lib\cli.js:140890:22)
      at Request.emit (node:events:513:28)
      at Request.<anonymous> (C:\Users\celso\AppData\Roaming\nvm\v18.12.0\node_modules\yarn\lib\cli.js:141862:10)
      at Request.emit (node:events:513:28)
      at IncomingMessage.<anonymous> (C:\Users\celso\AppData\Roaming\nvm\v18.12.0\node_modules\yarn\lib\cli.js:141784:12)
      at Object.onceWrapper (node:events:627:28)
      at IncomingMessage.emit (node:events:525:35)
      at endReadableNT (node:internal/streams/readable:1359:12)
      at process.processTicksAndRejections (node:internal/process/task_queues:82:21)

npm manifest: 
  {
    "name": "titonciobot",
    "version": "1.0.0",
    "description": "Simple bot made to work for titoncio",
    "main": "out/index.js",
    "scripts": {
      "start": "npx tsc&&node ./out/index",
      "test": "echo \"Error: no test specified\" && exit 1"
    },
    "author": "Titoncio",
    "license": "MIT",
    "dependencies": {
      "steam-totp": "^2.1.2",
      "steam-tradeoffer-manager": "^2.10.5",
      "steam-user": "^4.26.1",
      "steamcommunity": "^3.44.3",
      "steamid": "^2.0.0"
    },
    "devDependencies": {
      "@types/steam-totp": "^2.1.0",
      "@types/steam-user": "^4.26.0",
      "@types/steamcommunity": "^3.43.2",
      "typescript": "^4.9.4"
    }
  }

yarn manifest: 
  No manifest

Lockfile: 
  # THIS IS AN AUTOGENERATED FILE. DO NOT EDIT THIS FILE DIRECTLY.
  # yarn lockfile v1
  
  
  "@bbob/parser@^2.2.0":
    version "2.8.2"
    resolved "https://registry.npmjs.org/@bbob/parser/-/parser-2.8.2.tgz"
    integrity sha512-7eENTbZ7MUrDcO42v6k8H1hq9yoVGh/M5AkLIJotL8U8NVV8aJ+qfBv9V36rjjVV9qeGQ0/WCZ73fcM9BTNgHQ==
    dependencies:
      "@bbob/plugin-helper" "^2.8.2"
  
  "@bbob/plugin-helper@^2.8.2":
    version "2.8.2"
    resolved "https://registry.npmjs.org/@bbob/plugin-helper/-/plugin-helper-2.8.2.tgz"
    integrity sha512-EYAdwlgXYNwN1jeT3e35OZwwrpZhHk6WBaSA2fkMTOvR0+U59Qj6IunVmApXfQ2gfDrRRqzErTcVjSbyKC6EJQ==
  
  "@doctormckay/stats-reporter@^1.0.0":
    version "1.0.5"
    resolved "https://registry.npmjs.org/@doctormckay/stats-reporter/-/stats-reporter-1.0.5.tgz"
    integrity sha512-lCAuKW053zz91sKZZcGfOHxigBqn0Lo+/JvHBQq3XqzLJxn0YeZ5mJ96+PZto+PDCkgg+c/BX2Xo8DvAN44xLg==
  
  "@doctormckay/stdlib@^1.11.1", "@doctormckay/stdlib@^1.14.1", "@doctormckay/stdlib@^1.5.1", "@doctormckay/stdlib@^1.6.0", "@doctormckay/stdlib@^1.8.0":
    version "1.15.0"
    resolved "https://registry.npmjs.org/@doctormckay/stdlib/-/stdlib-1.15.0.tgz"
    integrity sha512-2WaxuaCNYBkKX3qkNxj1HNBye2WcJ0RcO4oM4MVcCTS+5CsCE9XrPMdLzRh2yEiI+5f6eXG/H8624vKGeMPDLw==
  
  "@doctormckay/steam-crypto@^1.2.0":
    version "1.2.0"
    resolved "https://registry.npmjs.org/@doctormckay/steam-crypto/-/steam-crypto-1.2.0.tgz"
    integrity sha512-lsxgLw640gEdZBOXpVIcYWcYD+V+QbtEsMPzRvjmjz2XXKc7QeEMyHL07yOFRmay+cUwO4ObKTJO0dSInEuq5g==
  
  "@protobufjs/aspromise@^1.1.1", "@protobufjs/aspromise@^1.1.2":
    version "1.1.2"
    resolved "https://registry.npmjs.org/@protobufjs/aspromise/-/aspromise-1.1.2.tgz"
    integrity sha512-j+gKExEuLmKwvz3OgROXtrJ2UG2x8Ch2YZUxahh+s1F2HZ+wAceUNLkvy6zKCPVRkU++ZWQrdxsUeQXmcg4uoQ==
  
  "@protobufjs/base64@^1.1.2":
    version "1.1.2"
    resolved "https://registry.npmjs.org/@protobufjs/base64/-/base64-1.1.2.tgz"
    integrity sha512-AZkcAA5vnN/v4PDqKyMR5lx7hZttPDgClv83E//FMNhR2TMcLUhfRUBHCmSl0oi9zMgDDqRUJkSxO3wm85+XLg==
  
  "@protobufjs/codegen@^2.0.4":
    version "2.0.4"
    resolved "https://registry.npmjs.org/@protobufjs/codegen/-/codegen-2.0.4.tgz"
    integrity sha512-YyFaikqM5sH0ziFZCN3xDC7zeGaB/d0IUb9CATugHWbd1FRFwWwt4ld4OYMPWu5a3Xe01mGAULCdqhMlPl29Jg==
  
  "@protobufjs/eventemitter@^1.1.0":
    version "1.1.0"
    resolved "https://registry.npmjs.org/@protobufjs/eventemitter/-/eventemitter-1.1.0.tgz"
    integrity sha512-j9ednRT81vYJ9OfVuXG6ERSTdEL1xVsNgqpkxMsbIabzSo3goCjDIveeGv5d03om39ML71RdmrGNjG5SReBP/Q==
  
  "@protobufjs/fetch@^1.1.0":
    version "1.1.0"
    resolved "https://registry.npmjs.org/@protobufjs/fetch/-/fetch-1.1.0.tgz"
    integrity sha512-lljVXpqXebpsijW71PZaCYeIcE5on1w5DlQy5WH6GLbFryLUrBD4932W/E2BSpfRJWseIL4v/KPgBFxDOIdKpQ==
    dependencies:
      "@protobufjs/aspromise" "^1.1.1"
      "@protobufjs/inquire" "^1.1.0"
  
  "@protobufjs/float@^1.0.2":
    version "1.0.2"
    resolved "https://registry.npmjs.org/@protobufjs/float/-/float-1.0.2.tgz"
    integrity sha512-Ddb+kVXlXst9d+R9PfTIxh1EdNkgoRe5tOX6t01f1lYWOvJnSPDBlG241QLzcyPdoNTsblLUdujGSE4RzrTZGQ==
  
  "@protobufjs/inquire@^1.1.0":
    version "1.1.0"
    resolved "https://registry.npmjs.org/@protobufjs/inquire/-/inquire-1.1.0.tgz"
    integrity sha512-kdSefcPdruJiFMVSbn801t4vFK7KB/5gd2fYvrxhuJYg8ILrmn9SKSX2tZdV6V+ksulWqS7aXjBcRXl3wHoD9Q==
  
  "@protobufjs/path@^1.1.2":
    version "1.1.2"
    resolved "https://registry.npmjs.org/@protobufjs/path/-/path-1.1.2.tgz"
    integrity sha512-6JOcJ5Tm08dOHAbdR3GrvP+yUUfkjG5ePsHYczMFLq3ZmMkAD98cDgcT2iA1lJ9NVwFd4tH/iSSoe44YWkltEA==
  
  "@protobufjs/pool@^1.1.0":
    version "1.1.0"
    resolved "https://registry.npmjs.org/@protobufjs/pool/-/pool-1.1.0.tgz"
    integrity sha512-0kELaGSIDBKvcgS4zkjz1PeddatrjYcmMWOlAuAPwAeccUrPHdUqo/J6LiymHHEiJT5NrF1UVwxY14f+fy4WQw==
  
  "@protobufjs/utf8@^1.1.0":
    version "1.1.0"
    resolved "https://registry.npmjs.org/@protobufjs/utf8/-/utf8-1.1.0.tgz"
    integrity sha512-Vvn3zZrhQZkkBE8LSuW3em98c0FwgO4nxzv6OdSxPKJIEKY2bGbHn+mhGIPerzI4twdxaP8/0+06HBpwf345Lw==
  
  "@types/bytebuffer@*":
    version "5.0.44"
    resolved "https://registry.npmjs.org/@types/bytebuffer/-/bytebuffer-5.0.44.tgz"
    integrity sha512-k1qonHga/SfQT02NF633i+7tIfKd+cfC/8pjnedcfuXJNMWooss/FkCgRMSnLf2WorLjbuH4bfgAZEbtyHBDoQ==
    dependencies:
      "@types/long" "^3.0.0"
      "@types/node" "*"
  
  "@types/caseless@*":
    version "0.12.2"
    resolved "https://registry.npmjs.org/@types/caseless/-/caseless-0.12.2.tgz"
    integrity sha512-6ckxMjBBD8URvjB6J3NcnuAn5Pkl7t3TizAg+xdlzzQGSPSmBcXf8KoIH0ua/i+tio+ZRUHEXp0HEmvaR4kt0w==
  
  "@types/file-manager@*":
    version "2.0.0"
    resolved "https://registry.npmjs.org/@types/file-manager/-/file-manager-2.0.0.tgz"
    integrity sha512-XEEsKApHT68NqUxDscnw/tAizJS07aKs20RXDkepfdx4n8M+bvPGO+Ty1whiLhhyLPw1y/6QnyVliu65ySYlcg==
    dependencies:
      "@types/node" "*"
  
  "@types/long@^3.0.0":
    version "3.0.32"
    resolved "https://registry.npmjs.org/@types/long/-/long-3.0.32.tgz"
    integrity sha512-ZXyOOm83p7X8p3s0IYM3VeueNmHpkk/yMlP8CLeOnEcu6hIwPH7YjZBvhQkR0ZFS2DqZAxKtJ/M5fcuv3OU5BA==
  
  "@types/long@^4.0.1":
    version "4.0.2"
    resolved "https://registry.npmjs.org/@types/long/-/long-4.0.2.tgz"
    integrity sha512-MqTGEo5bj5t157U6fA/BiDynNkn0YknVdh48CMPkTSpFTVmvao5UQmm7uEF6xBEo7qIMAlY/JSleYaE6VOdpaA==
  
  "@types/node@*", "@types/node@>=13.7.0":
    version "18.11.18"
    resolved "https://registry.npmjs.org/@types/node/-/node-18.11.18.tgz"
    integrity sha512-DHQpWGjyQKSHj3ebjFI/wRKcqQcdR+MoFBygntYOZytCqNfkd2ZC4ARDJ2DQqhjH5p85Nnd3jhUJIXrszFX/JA==
  
  "@types/request@*":
    version "2.48.8"
    resolved "https://registry.npmjs.org/@types/request/-/request-2.48.8.tgz"
    integrity sha512-whjk1EDJPcAR2kYHRbFl/lKeeKYTi05A15K9bnLInCVroNDCtXce57xKdI0/rQaA3K+6q0eFyUBPmqfSndUZdQ==
    dependencies:
      "@types/caseless" "*"
      "@types/node" "*"
      "@types/tough-cookie" "*"
      form-data "^2.5.0"
  
  "@types/steam-totp@^2.1.0":
    version "2.1.0"
    resolved "https://registry.npmjs.org/@types/steam-totp/-/steam-totp-2.1.0.tgz"
    integrity sha512-MxQgZN1lPyfcgcrrrABBlOgidtcO5BXW+G7w9/8C0Z1uvdlZwg8tAcWVetPzbYpPHjPe5FjabmvkAjRNJrl2qw==
    dependencies:
      "@types/node" "*"
  
  "@types/steam-user@^4.26.0":
    version "4.26.0"
    resolved "https://registry.npmjs.org/@types/steam-user/-/steam-user-4.26.0.tgz"
    integrity sha512-eUVsxutp7RykM2Bhx2usBusFWkWAuSDi2HjUWd+S3zX35TXcS93hzCwEqDU+8tI34LJLARr+eCPoY/jZ3JNqBg==
    dependencies:
      "@types/bytebuffer" "*"
      "@types/file-manager" "*"
      "@types/node" "*"
      "@types/steamid" "*"
  
  "@types/steamcommunity@^3.43.2":
    version "3.43.2"
    resolved "https://registry.npmjs.org/@types/steamcommunity/-/steamcommunity-3.43.2.tgz"
    integrity sha512-p4K6cfqusXkhvdHDLCMW2t0EG+EVlrE4i7LbFEdSjCvsp9hGYX/Q0ym9Tw2v6DOumnHbtDzKBvefW6Zv1Y2oVA==
    dependencies:
      "@types/node" "*"
      "@types/request" "*"
      "@types/steamid" "*"
  
  "@types/steamid@*":
    version "2.0.1"
    resolved "https://registry.npmjs.org/@types/steamid/-/steamid-2.0.1.tgz"
    integrity sha512-B8sy9wfOOeh+yNrFFzyghCQ1n3rssYbTvZD2kXzuy3HSJEK7TVeYnrpXG/0dOKrq1VU8D7cWORgszsdqKBZnVg==
  
  "@types/tough-cookie@*":
    version "4.0.2"
    resolved "https://registry.npmjs.org/@types/tough-cookie/-/tough-cookie-4.0.2.tgz"
    integrity sha512-Q5vtl1W5ue16D+nIaW8JWebSSraJVlK+EthKn7e7UcD4KWsaSJ8BqGPXNaPghgtcn/fhvrN17Tv8ksUsQpiplw==
  
  adm-zip@^0.4.13:
    version "0.4.16"
    resolved "https://registry.npmjs.org/adm-zip/-/adm-zip-0.4.16.tgz"
    integrity sha512-TFi4HBKSGfIKsK5YCkKaaFG2m4PEDyViZmEwof3MTIgzimHLto6muaHVpbrljdIvIrFZzEq/p4nafOeLcYegrg==
  
  agent-base@^6.0.2:
    version "6.0.2"
    resolved "https://registry.npmjs.org/agent-base/-/agent-base-6.0.2.tgz"
    integrity sha512-RZNwNclF7+MS/8bDg70amg32dyeZGZxiDuQmZxKLAlQjr3jGyLx+4Kkk58UO7D2QdgFIQCovuSuZESne6RG6XQ==
    dependencies:
      debug "4"
  
  ajv@^6.12.3:
    version "6.12.6"
    resolved "https://registry.npmjs.org/ajv/-/ajv-6.12.6.tgz"
    integrity sha512-j3fVLgvTo527anyYyJOGTYJbG+vnnQYvE0m5mmkc1TK+nxAppkCLMIL0aZ4dblVCNoGShhm+kzE4ZUykBoMg4g==
    dependencies:
      fast-deep-equal "^3.1.1"
      fast-json-stable-stringify "^2.0.0"
      json-schema-traverse "^0.4.1"
      uri-js "^4.2.2"
  
  appdirectory@^0.1.0:
    version "0.1.0"
    resolved "https://registry.npmjs.org/appdirectory/-/appdirectory-0.1.0.tgz"
    integrity sha512-DJ5DV8vZXBbusyiyPlH28xppwS8eAMRuuyMo88xeEcf4bV64lbLtbxRxqixZuJBXsZzLtXFmA13GwVjJc7vdQw==
  
  asn1@~0.2.3:
    version "0.2.6"
    resolved "https://registry.npmjs.org/asn1/-/asn1-0.2.6.tgz"
    integrity sha512-ix/FxPn0MDjeyJ7i/yoHGFt/EX6LyNbxSEhPPXODPL+KB0VPk86UYfL0lMdy+KCnv+fmvIzySwaK5COwqVbWTQ==
    dependencies:
      safer-buffer "~2.1.0"
  
  assert-plus@1.0.0, assert-plus@^1.0.0:
    version "1.0.0"
    resolved "https://registry.npmjs.org/assert-plus/-/assert-plus-1.0.0.tgz"
    integrity sha512-NfJ4UzBCcQGLDlQq7nHxH+tv3kyZ0hHQqF5BO6J7tNJeP5do1llPr8dZ8zHonfhAu0PHAdMkSo+8o0wxg9lZWw==
  
  async@^1.4.2:
    version "1.5.2"
    resolved "https://registry.npmjs.org/async/-/async-1.5.2.tgz"
    integrity sha512-nSVgobk4rv61R9PUSDtYt7mPVB2olxNR5RWJcAsH676/ef11bUZwvu7+RGYrYauVdDPcO519v68wRhXQtxsV9w==
  
  async@^2.6.0, async@^2.6.3:
    version "2.6.4"
    resolved "https://registry.npmjs.org/async/-/async-2.6.4.tgz"
    integrity sha512-mzo5dfJYwAn29PeiJ0zvwTo04zj8HDJj0Mn8TD7sno7q12prdbnasKJHhkm2c1LgrhlJ0teaea8860oxi51mGA==
    dependencies:
      lodash "^4.17.14"
  
  asynckit@^0.4.0:
    version "0.4.0"
    resolved "https://registry.npmjs.org/asynckit/-/asynckit-0.4.0.tgz"
    integrity sha512-Oei9OH4tRh0YqU3GxhX79dM/mwVgvbZJaSNaRk+bshkj0S5cfHcgYakreBjrHwatXKbz+IoIdYLxrKim2MjW0Q==
  
  available-typed-arrays@^1.0.5:
    version "1.0.5"
    resolved "https://registry.npmjs.org/available-typed-arrays/-/available-typed-arrays-1.0.5.tgz"
    integrity sha512-DMD0KiN46eipeziST1LPP/STfDU0sufISXmjSgvVsoU2tqxctQeASejWcfNtxYKqETM1UxQ8sp2OrSBWpHY6sw==
  
  aws-sign2@~0.7.0:
    version "0.7.0"
    resolved "https://registry.npmjs.org/aws-sign2/-/aws-sign2-0.7.0.tgz"
    integrity sha512-08kcGqnYf/YmjoRhfxyu+CLxBjUtHLXLXX/vUfx9l2LYzG3c1m61nrpyFUZI6zeS+Li/wWMMidD9KgrqtGq3mA==
  
  aws4@^1.8.0:
    version "1.11.0"
    resolved "https://registry.npmjs.org/aws4/-/aws4-1.11.0.tgz"
    integrity sha512-xh1Rl34h6Fi1DC2WWKfxUTVqRsNnr6LsKz2+hfwDxQJWmrx8+c7ylaqBMcHfl1U1r2dsifOvKX3LQuLNZ+XSvA==
  
  bcrypt-pbkdf@^1.0.0:
    version "1.0.2"
    resolved "https://registry.npmjs.org/bcrypt-pbkdf/-/bcrypt-pbkdf-1.0.2.tgz"
    integrity sha512-qeFIXtP4MSoi6NLqO12WfqARWWuCKi2Rn/9hJLEmtB5yTNr9DqFWkJRCf2qShWzPeAMRnOgCrq0sg/KLv5ES9w==
    dependencies:
      tweetnacl "^0.14.3"
  
  binarykvparser@^2.2.0:
    version "2.2.0"
    resolved "https://registry.npmjs.org/binarykvparser/-/binarykvparser-2.2.0.tgz"
    integrity sha512-mGBKngQF9ui53THcMjgjd0LrBH/HsI2Vywfjq52udSAmRGG87h0vjhkqun0kF+iC4rQ2jLZqldwJE7YN2ueiWw==
    dependencies:
      long "^3.2.0"
  
  boolbase@~1.0.0:
    version "1.0.0"
    resolved "https://registry.npmjs.org/boolbase/-/boolbase-1.0.0.tgz"
    integrity sha512-JZOSA7Mo9sNGB8+UjSgzdLtokWAky1zbztM3WRLCbZ70/3cTANmQmOdR7y2g+J0e2WXywy1yS468tY+IruqEww==
  
  bytebuffer@^5.0.0, bytebuffer@^5.0.1:
    version "5.0.1"
    resolved "https://registry.npmjs.org/bytebuffer/-/bytebuffer-5.0.1.tgz"
    integrity sha512-IuzSdmADppkZ6DlpycMkm8l9zeEq16fWtLvunEwFiYciR/BHo4E8/xs5piFquG+Za8OWmMqHF8zuRviz2LHvRQ==
    dependencies:
      long "~3"
  
  call-bind@^1.0.2:
    version "1.0.2"
    resolved "https://registry.npmjs.org/call-bind/-/call-bind-1.0.2.tgz"
    integrity sha512-7O+FbCihrB5WGbFYesctwmTKae6rOiIzmz1icreWJ+0aA7LJfuqhEso2T9ncpcFtzMQtzXf2QGGueWJGTYsqrA==
    dependencies:
      function-bind "^1.1.1"
      get-intrinsic "^1.0.2"
  
  caseless@~0.12.0:
    version "0.12.0"
    resolved "https://registry.npmjs.org/caseless/-/caseless-0.12.0.tgz"
    integrity sha512-4tYFyifaFfGacoiObjJegolkwSU4xQNGbVgUiNYVUxbQ2x2lUsFvY4hVgVzGiIe6WLOPqycWXA40l+PWsxthUw==
  
  cheerio@0.22.0:
    version "0.22.0"
    resolved "https://registry.npmjs.org/cheerio/-/cheerio-0.22.0.tgz"
    integrity sha512-8/MzidM6G/TgRelkzDG13y3Y9LxBjCb+8yOEZ9+wwq5gVF2w2pV0wmHvjfT0RvuxGyR7UEuK36r+yYMbT4uKgA==
    dependencies:
      css-select "~1.2.0"
      dom-serializer "~0.1.0"
      entities "~1.1.1"
      htmlparser2 "^3.9.1"
      lodash.assignin "^4.0.9"
      lodash.bind "^4.1.4"
      lodash.defaults "^4.0.1"
      lodash.filter "^4.4.0"
      lodash.flatten "^4.2.0"
      lodash.foreach "^4.3.0"
      lodash.map "^4.4.0"
      lodash.merge "^4.4.0"
      lodash.pick "^4.2.1"
      lodash.reduce "^4.4.0"
      lodash.reject "^4.4.0"
      lodash.some "^4.4.0"
  
  combined-stream@^1.0.6, combined-stream@~1.0.6:
    version "1.0.8"
    resolved "https://registry.npmjs.org/combined-stream/-/combined-stream-1.0.8.tgz"
    integrity sha512-FQN4MRfuJeHf7cBbBMJFXhKSDq+2kAArBlmRBvcvFE5BB1HZKXtSFASDhdlz9zOYwxh8lDdnvmMOe/+5cdoEdg==
    dependencies:
      delayed-stream "~1.0.0"
  
  core-util-is@1.0.2:
    version "1.0.2"
    resolved "https://registry.npmjs.org/core-util-is/-/core-util-is-1.0.2.tgz"
    integrity sha512-3lqz5YjWTYnW6dlDa5TLaTCcShfar1e40rmcJVwCBJC6mWlFuj0eCHIElmG1g5kyuJ/GD+8Wn4FFCcz4gJPfaQ==
  
  css-select@~1.2.0:
    version "1.2.0"
    resolved "https://registry.npmjs.org/css-select/-/css-select-1.2.0.tgz"
    integrity sha512-dUQOBoqdR7QwV90WysXPLXG5LO7nhYBgiWVfxF80DKPF8zx1t/pUd2FYy73emg3zrjtM6dzmYgbHKfV2rxiHQA==
    dependencies:
      boolbase "~1.0.0"
      css-what "2.1"
      domutils "1.5.1"
      nth-check "~1.0.1"
  
  css-what@2.1:
    version "2.1.3"
    resolved "https://registry.npmjs.org/css-what/-/css-what-2.1.3.tgz"
    integrity sha512-a+EPoD+uZiNfh+5fxw2nO9QwFa6nJe2Or35fGY6Ipw1R3R4AGz1d1TEZrCegvw2YTmZ0jXirGYlzxxpYSHwpEg==
  
  cuint@^0.2.1:
    version "0.2.2"
    resolved "https://registry.npmjs.org/cuint/-/cuint-0.2.2.tgz"
    integrity sha512-d4ZVpCW31eWwCMe1YT3ur7mUDnTXbgwyzaL320DrcRT45rfjYxkt5QWLrmOJ+/UEAI2+fQgKe/fCjR8l4TpRgw==
  
  dashdash@^1.12.0:
    version "1.14.1"
    resolved "https://registry.npmjs.org/dashdash/-/dashdash-1.14.1.tgz"
    integrity sha512-jRFi8UDGo6j+odZiEpjazZaWqEal3w/basFjQHQEwVtZJGDpxbH1MeYluwCS8Xq5wmLJooDlMgvVarmWfGM44g==
    dependencies:
      assert-plus "^1.0.0"
  
  debug@4, debug@^4.3.3:
    version "4.3.4"
    resolved "https://registry.npmjs.org/debug/-/debug-4.3.4.tgz"
    integrity sha512-PRWFHuSU3eDtQJPvnNY7Jcket1j0t5OuOsFzPPzsekD52Zl8qUfFIPEiswXqIvHWGVHOgX+7G/vCNNhehwxfkQ==
    dependencies:
      ms "2.1.2"
  
  deep-equal@^1.0.1:
    version "1.1.1"
    resolved "https://registry.npmjs.org/deep-equal/-/deep-equal-1.1.1.tgz"
    integrity sha512-yd9c5AdiqVcR+JjcwUQb9DkhJc8ngNr0MahEBGvDiJw8puWab2yZlh+nkasOnZP+EGTAP6rRp2JzJhJZzvNF8g==
    dependencies:
      is-arguments "^1.0.4"
      is-date-object "^1.0.1"
      is-regex "^1.0.4"
      object-is "^1.0.1"
      object-keys "^1.1.1"
      regexp.prototype.flags "^1.2.0"
  
  define-properties@^1.1.3:
    version "1.1.4"
    resolved "https://registry.npmjs.org/define-properties/-/define-properties-1.1.4.tgz"
    integrity sha512-uckOqKcfaVvtBdsVkdPv3XjveQJsNQqmhXgRi8uhvWWuPYZCNlzT8qAyblUgNoXdHdjMTzAqeGjAoli8f+bzPA==
    dependencies:
      has-property-descriptors "^1.0.0"
      object-keys "^1.1.1"
  
  delayed-stream@~1.0.0:
    version "1.0.0"
    resolved "https://registry.npmjs.org/delayed-stream/-/delayed-stream-1.0.0.tgz"
    integrity sha512-ZySD7Nf91aLB0RxL4KGrKHBXl7Eds1DAmEdcoVawXnLD7SDhpNgtuII2aAkg7a7QS41jxPSZ17p4VdGnMHk3MQ==
  
  dom-serializer@0:
    version "0.2.2"
    resolved "https://registry.npmjs.org/dom-serializer/-/dom-serializer-0.2.2.tgz"
    integrity sha512-2/xPb3ORsQ42nHYiSunXkDjPLBaEj/xTwUO4B7XCZQTRk7EBtTOPaygh10YAAh2OI1Qrp6NWfpAhzswj0ydt9g==
    dependencies:
      domelementtype "^2.0.1"
      entities "^2.0.0"
  
  dom-serializer@~0.1.0:
    version "0.1.1"
    resolved "https://registry.npmjs.org/dom-serializer/-/dom-serializer-0.1.1.tgz"
    integrity sha512-l0IU0pPzLWSHBcieZbpOKgkIn3ts3vAh7ZuFyXNwJxJXk/c4Gwj9xaTJwIDVQCXawWD0qb3IzMGH5rglQaO0XA==
    dependencies:
      domelementtype "^1.3.0"
      entities "^1.1.1"
  
  domelementtype@1, domelementtype@^1.3.0, domelementtype@^1.3.1:
    version "1.3.1"
    resolved "https://registry.npmjs.org/domelementtype/-/domelementtype-1.3.1.tgz"
    integrity sha512-BSKB+TSpMpFI/HOxCNr1O8aMOTZ8hT3pM3GQ0w/mWRmkhEDSFJkkyzz4XQsBV44BChwGkrDfMyjVD0eA2aFV3w==
  
  domelementtype@^2.0.1:
    version "2.3.0"
    resolved "https://registry.npmjs.org/domelementtype/-/domelementtype-2.3.0.tgz"
    integrity sha512-OLETBj6w0OsagBwdXnPdN0cnMfF9opN69co+7ZrbfPGrdpPVNBUj02spi6B1N7wChLQiPn4CSH/zJvXw56gmHw==
  
  domhandler@^2.3.0:
    version "2.4.2"
    resolved "https://registry.npmjs.org/domhandler/-/domhandler-2.4.2.tgz"
    integrity sha512-JiK04h0Ht5u/80fdLMCEmV4zkNh2BcoMFBmZ/91WtYZ8qVXSKjiw7fXMgFPnHcSZgOo3XdinHvmnDUeMf5R4wA==
    dependencies:
      domelementtype "1"
  
  domutils@1.5.1:
    version "1.5.1"
    resolved "https://registry.npmjs.org/domutils/-/domutils-1.5.1.tgz"
    integrity sha512-gSu5Oi/I+3wDENBsOWBiRK1eoGxcywYSqg3rR960/+EfY0CF4EX1VPkgHOZ3WiS/Jg2DtliF6BhWcHlfpYUcGw==
    dependencies:
      dom-serializer "0"
      domelementtype "1"
  
  domutils@^1.5.1:
    version "1.7.0"
    resolved "https://registry.npmjs.org/domutils/-/domutils-1.7.0.tgz"
    integrity sha512-Lgd2XcJ/NjEw+7tFvfKxOzCYKZsdct5lczQ2ZaQY8Djz7pfAD3Gbp8ySJWtreII/vDlMVmxwa6pHmdxIYgttDg==
    dependencies:
      dom-serializer "0"
      domelementtype "1"
  
  ecc-jsbn@~0.1.1:
    version "0.1.2"
    resolved "https://registry.npmjs.org/ecc-jsbn/-/ecc-jsbn-0.1.2.tgz"
    integrity sha512-eh9O+hwRHNbG4BLTjEl3nw044CkGm5X6LoaCf7LPp7UU8Qrt47JYNi6nPX8xjW97TKGKm1ouctg0QSpZe9qrnw==
    dependencies:
      jsbn "~0.1.0"
      safer-buffer "^2.1.0"
  
  entities@^1.1.1, entities@~1.1.1:
    version "1.1.2"
    resolved "https://registry.npmjs.org/entities/-/entities-1.1.2.tgz"
    integrity sha512-f2LZMYl1Fzu7YSBKg+RoROelpOaNrcGmE9AZubeDfrCEia483oW4MI4VyFd5VNHIgQ/7qm1I0wUHK1eJnn2y2w==
  
  entities@^2.0.0:
    version "2.2.0"
    resolved "https://registry.npmjs.org/entities/-/entities-2.2.0.tgz"
    integrity sha512-p92if5Nz619I0w+akJrLZH0MX0Pb5DX39XOwQTtXSdQQOaYH03S1uIQp4mhOZtAXrxq4ViO67YTiLBo2638o9A==
  
  extend@~3.0.2:
    version "3.0.2"
    resolved "https://registry.npmjs.org/extend/-/extend-3.0.2.tgz"
    integrity sha512-fjquC59cD7CyW6urNXK0FBufkZcoiGG80wTuPujX590cB5Ttln20E2UB4S/WARVqhXffZl2LNgS+gQdPIIim/g==
  
  extsprintf@1.3.0:
    version "1.3.0"
    resolved "https://registry.npmjs.org/extsprintf/-/extsprintf-1.3.0.tgz"
    integrity sha512-11Ndz7Nv+mvAC1j0ktTa7fAb0vLyGGX+rMHNBYQviQDGU0Hw7lhctJANqbPhu9nV9/izT/IntTgZ7Im/9LJs9g==
  
  extsprintf@^1.2.0:
    version "1.4.1"
    resolved "https://registry.npmjs.org/extsprintf/-/extsprintf-1.4.1.tgz"
    integrity sha512-Wrk35e8ydCKDj/ArClo1VrPVmN8zph5V4AtHwIuHhvMXsKf73UT3BOD+azBIW+3wOJ4FhEH7zyaJCFvChjYvMA==
  
  fast-deep-equal@^3.1.1:
    version "3.1.3"
    resolved "https://registry.npmjs.org/fast-deep-equal/-/fast-deep-equal-3.1.3.tgz"
    integrity sha512-f3qQ9oQy9j2AhBe/H9VC91wLmKBCCU/gDOnKNAYG5hswO7BLKj09Hc5HYNz9cGI++xlpDCIgDaitVs03ATR84Q==
  
  fast-json-stable-stringify@^2.0.0:
    version "2.1.0"
    resolved "https://registry.npmjs.org/fast-json-stable-stringify/-/fast-json-stable-stringify-2.1.0.tgz"
    integrity sha512-lhd/wF+Lk98HZoTCtlVraHtfh5XYijIjalXck7saUtuanSDyLMxnHhSXEDJqHxD7msR8D0uCmqlkwjCV8xvwHw==
  
  file-manager@^1.0.1:
    version "1.0.1"
    resolved "https://registry.npmjs.org/file-manager/-/file-manager-1.0.1.tgz"
    integrity sha512-43hWlFJOQbbCzWObVU5dTS+O5eRKfB6A9tXz5FrWu87ZdsCawLW2w78grPcjNpuM0ZfJupaw8cKcLVl2fkjhow==
    dependencies:
      async "^1.4.2"
  
  file-manager@^2.0.0:
    version "2.0.1"
    resolved "https://registry.npmjs.org/file-manager/-/file-manager-2.0.1.tgz"
    integrity sha512-y/K/1OCha04OXOxzo3cXJYtIzEk/CUMBb7Okipxueu0u+xCiuoocbwPyh1smUBasOobo4GAYmjgjD9Vh5zI51w==
    dependencies:
      "@doctormckay/stdlib" "^1.14.1"
  
  for-each@^0.3.3:
    version "0.3.3"
    resolved "https://registry.npmjs.org/for-each/-/for-each-0.3.3.tgz"
    integrity sha512-jqYfLp7mo9vIyQf8ykW2v7A+2N4QjeCeI5+Dz9XraiO1ign81wjiH7Fb9vSOWvQfNtmSa4H2RoQTrrXivdUZmw==
    dependencies:
      is-callable "^1.1.3"
  
  forever-agent@~0.6.1:
    version "0.6.1"
    resolved "https://registry.npmjs.org/forever-agent/-/forever-agent-0.6.1.tgz"
    integrity sha512-j0KLYPhm6zeac4lz3oJ3o65qvgQCcPubiyotZrXqEaG4hNagNYO8qdlUrX5vwqv9ohqeT/Z3j6+yW067yWWdUw==
  
  form-data@^2.5.0:
    version "2.5.1"
    resolved "https://registry.npmjs.org/form-data/-/form-data-2.5.1.tgz"
    integrity sha512-m21N3WOmEEURgk6B9GLOE4RuWOFf28Lhh9qGYeNlGq4VDXUlJy2th2slBNU8Gp8EzloYZOibZJ7t5ecIrFSjVA==
    dependencies:
      asynckit "^0.4.0"
      combined-stream "^1.0.6"
      mime-types "^2.1.12"
  
  form-data@~2.3.2:
    version "2.3.3"
    resolved "https://registry.npmjs.org/form-data/-/form-data-2.3.3.tgz"
    integrity sha512-1lLKB2Mu3aGP1Q/2eCOx0fNbRMe7XdwktwOruhfqqd0rIJWwN4Dh+E3hrPSlDCXnSR7UtZ1N38rVXm+6+MEhJQ==
    dependencies:
      asynckit "^0.4.0"
      combined-stream "^1.0.6"
      mime-types "^2.1.12"
  
  function-bind@^1.1.1:
    version "1.1.1"
    resolved "https://registry.npmjs.org/function-bind/-/function-bind-1.1.1.tgz"
    integrity sha512-yIovAzMX49sF8Yl58fSCWJ5svSLuaibPxXQJFLmBObTuCr0Mf1KiPopGM9NiFjiYBCbfaa2Fh6breQ6ANVTI0A==
  
  functions-have-names@^1.2.2:
    version "1.2.3"
    resolved "https://registry.npmjs.org/functions-have-names/-/functions-have-names-1.2.3.tgz"
    integrity sha512-xckBUXyTIqT97tq2x2AMb+g163b5JFysYk0x4qxNFwbfQkmNZoiRHb6sPzI9/QV33WeuvVYBUIiD4NzNIyqaRQ==
  
  get-intrinsic@^1.0.2, get-intrinsic@^1.1.1, get-intrinsic@^1.1.3:
    version "1.1.3"
    resolved "https://registry.npmjs.org/get-intrinsic/-/get-intrinsic-1.1.3.tgz"
    integrity sha512-QJVz1Tj7MS099PevUG5jvnt9tSkXN8K14dxQlikJuPt4uD9hHAHjLyLBiLR5zELelBdD9QNRAXZzsJx0WaDL9A==
    dependencies:
      function-bind "^1.1.1"
      has "^1.0.3"
      has-symbols "^1.0.3"
  
  getpass@^0.1.1:
    version "0.1.7"
    resolved "https://registry.npmjs.org/getpass/-/getpass-0.1.7.tgz"
    integrity sha512-0fzj9JxOLfJ+XGLhR8ze3unN0KZCgZwiSSDz168VERjK8Wl8kVSdcu2kspd4s4wtAa1y/qrVRiAA0WclVsu0ng==
    dependencies:
      assert-plus "^1.0.0"
  
  gopd@^1.0.1:
    version "1.0.1"
    resolved "https://registry.npmjs.org/gopd/-/gopd-1.0.1.tgz"
    integrity sha512-d65bNlIadxvpb/A2abVdlqKqV563juRnZ1Wtk6s1sIR8uNsXR70xqIzVqxVf1eTqDunwT2MkczEeaezCKTZhwA==
    dependencies:
      get-intrinsic "^1.1.3"
  
  har-schema@^2.0.0:
    version "2.0.0"
    resolved "https://registry.npmjs.org/har-schema/-/har-schema-2.0.0.tgz"
    integrity sha512-Oqluz6zhGX8cyRaTQlFMPw80bSJVG2x/cFb8ZPhUILGgHka9SsokCCOQgpveePerqidZOrT14ipqfJb7ILcW5Q==
  
  har-validator@~5.1.3:
    version "5.1.5"
    resolved "https://registry.npmjs.org/har-validator/-/har-validator-5.1.5.tgz"
    integrity sha512-nmT2T0lljbxdQZfspsno9hgrG3Uir6Ks5afism62poxqBM6sDnMEuPmzTq8XN0OEwqKLLdh1jQI3qyE66Nzb3w==
    dependencies:
      ajv "^6.12.3"
      har-schema "^2.0.0"
  
  has-property-descriptors@^1.0.0:
    version "1.0.0"
    resolved "https://registry.npmjs.org/has-property-descriptors/-/has-property-descriptors-1.0.0.tgz"
    integrity sha512-62DVLZGoiEBDHQyqG4w9xCuZ7eJEwNmJRWw2VY84Oedb7WFcA27fiEVe8oUQx9hAUJ4ekurquucTGwsyO1XGdQ==
    dependencies:
      get-intrinsic "^1.1.1"
  
  has-symbols@^1.0.2, has-symbols@^1.0.3:
    version "1.0.3"
    resolved "https://registry.npmjs.org/has-symbols/-/has-symbols-1.0.3.tgz"
    integrity sha512-l3LCuF6MgDNwTDKkdYGEihYjt5pRPbEg46rtlmnSPlUbgmB8LOIrKJbYYFBSbnPaJexMKtiPO8hmeRjRz2Td+A==
  
  has-tostringtag@^1.0.0:
    version "1.0.0"
    resolved "https://registry.npmjs.org/has-tostringtag/-/has-tostringtag-1.0.0.tgz"
    integrity sha512-kFjcSNhnlGV1kyoGk7OXKSawH5JOb/LzUc5w9B02hOTO0dfFRjbHQKvg1d6cf3HbeUmtU9VbbV3qzZ2Teh97WQ==
    dependencies:
      has-symbols "^1.0.2"
  
  has@^1.0.3:
    version "1.0.3"
    resolved "https://registry.npmjs.org/has/-/has-1.0.3.tgz"
    integrity sha512-f2dvO0VU6Oej7RkWJGrehjbzMAjFp5/VKPp5tTpWIV4JHHZK1/BxbFRtf/siA2SWTe09caDmVtYYzWEIbBS4zw==
    dependencies:
      function-bind "^1.1.1"
  
  htmlparser2@^3.9.1:
    version "3.10.1"
    resolved "https://registry.npmjs.org/htmlparser2/-/htmlparser2-3.10.1.tgz"
    integrity sha512-IgieNijUMbkDovyoKObU1DUhm1iwNYE/fuifEoEHfd1oZKZDaONBSkal7Y01shxsM49R4XaMdGez3WnF9UfiCQ==
    dependencies:
      domelementtype "^1.3.1"
      domhandler "^2.3.0"
      domutils "^1.5.1"
      entities "^1.1.1"
      inherits "^2.0.1"
      readable-stream "^3.1.1"
  
  http-signature@~1.2.0:
    version "1.2.0"
    resolved "https://registry.npmjs.org/http-signature/-/http-signature-1.2.0.tgz"
    integrity sha512-CAbnr6Rz4CYQkLYUtSNXxQPUH2gK8f3iWexVlsnMeD+GjlsQ0Xsy1cOX+mN3dtxYomRy21CiOzU8Uhw6OwncEQ==
    dependencies:
      assert-plus "^1.0.0"
      jsprim "^1.2.2"
      sshpk "^1.7.0"
  
  image-size@^0.8.2:
    version "0.8.3"
    resolved "https://registry.npmjs.org/image-size/-/image-size-0.8.3.tgz"
    integrity sha512-SMtq1AJ+aqHB45c3FsB4ERK0UCiA2d3H1uq8s+8T0Pf8A3W4teyBQyaFaktH6xvZqh+npwlKU7i4fJo0r7TYTg==
    dependencies:
      queue "6.0.1"
  
  inherits@^2.0.1, inherits@^2.0.3, inherits@~2.0.3:
    version "2.0.4"
    resolved "https://registry.npmjs.org/inherits/-/inherits-2.0.4.tgz"
    integrity sha512-k/vGaX4/Yla3WzyMCvTQOXYeIHvqOKtnqBduzTHpzpQZzAskKMhZ2K+EnBiSM9zGSoIFeMpXKxa4dYeZIQqewQ==
  
  ip@^2.0.0:
    version "2.0.0"
    resolved "https://registry.npmjs.org/ip/-/ip-2.0.0.tgz"
    integrity sha512-WKa+XuLG1A1R0UWhl2+1XQSi+fZWMsYKffMZTTYsiZaUD8k2yDAj5atimTUD2TZkyCkNEeYE5NhFZmupOGtjYQ==
  
  is-arguments@^1.0.4:
    version "1.1.1"
    resolved "https://registry.npmjs.org/is-arguments/-/is-arguments-1.1.1.tgz"
    integrity sha512-8Q7EARjzEnKpt/PCD7e1cgUS0a6X8u5tdSiMqXhojOdoV9TsMsiO+9VLC5vAmO8N7/GmXn7yjR8qnA6bVAEzfA==
    dependencies:
      call-bind "^1.0.2"
      has-tostringtag "^1.0.0"
  
  is-callable@^1.1.3:
    version "1.2.7"
    resolved "https://registry.npmjs.org/is-callable/-/is-callable-1.2.7.tgz"
    integrity sha512-1BC0BVFhS/p0qtw6enp8e+8OD0UrK0oFLztSjNzhcKA3WDuJxxAPXzPuPtKkjEY9UUoEWlX/8fgKeu2S8i9JTA==
  
  is-date-object@^1.0.1:
    version "1.0.5"
    resolved "https://registry.npmjs.org/is-date-object/-/is-date-object-1.0.5.tgz"
    integrity sha512-9YQaSxsAiSwcvS33MBk3wTCVnWK+HhF8VZR2jRxehM16QcVOdHqPn4VPHmRK4lSr38n9JriurInLcP90xsYNfQ==
    dependencies:
      has-tostringtag "^1.0.0"
  
  is-generator-function@^1.0.7:
    version "1.0.10"
    resolved "https://registry.npmjs.org/is-generator-function/-/is-generator-function-1.0.10.tgz"
    integrity sha512-jsEjy9l3yiXEQ+PsXdmBwEPcOxaXWLspKdplFUVI9vq1iZgIekeC0L167qeu86czQaxed3q/Uzuw0swL0irL8A==
    dependencies:
      has-tostringtag "^1.0.0"
  
  is-regex@^1.0.4:
    version "1.1.4"
    resolved "https://registry.npmjs.org/is-regex/-/is-regex-1.1.4.tgz"
    integrity sha512-kvRdxDsxZjhzUX07ZnLydzS1TU/TJlTUHHY4YLL87e37oUA49DfkLqgy+VjFocowy29cKvcSiu+kIv728jTTVg==
    dependencies:
      call-bind "^1.0.2"
      has-tostringtag "^1.0.0"
  
  is-typed-array@^1.1.10, is-typed-array@^1.1.3:
    version "1.1.10"
    resolved "https://registry.npmjs.org/is-typed-array/-/is-typed-array-1.1.10.tgz"
    integrity sha512-PJqgEHiWZvMpaFZ3uTc8kHPM4+4ADTlDniuQL7cU/UDA0Ql7F70yGfHph3cLNe+c9toaigv+DFzTJKhc2CtO6A==
    dependencies:
      available-typed-arrays "^1.0.5"
      call-bind "^1.0.2"
      for-each "^0.3.3"
      gopd "^1.0.1"
      has-tostringtag "^1.0.0"
  
  is-typedarray@~1.0.0:
    version "1.0.0"
    resolved "https://registry.npmjs.org/is-typedarray/-/is-typedarray-1.0.0.tgz"
    integrity sha512-cyA56iCMHAh5CdzjJIa4aohJyeO1YbwLi3Jc35MmRU6poroFjIGZzUzupGiRPOjgHg9TLu43xbpwXk523fMxKA==
  
  isstream@~0.1.2:
    version "0.1.2"
    resolved "https://registry.npmjs.org/isstream/-/isstream-0.1.2.tgz"
    integrity sha512-Yljz7ffyPbrLpLngrMtZ7NduUgVvi6wG9RJ9IUcyCd59YQ911PBJphODUcbOVbqYfxe1wuYf/LJ8PauMRwsM/g==
  
  jsbn@~0.1.0:
    version "0.1.1"
    resolved "https://registry.npmjs.org/jsbn/-/jsbn-0.1.1.tgz"
    integrity sha512-UVU9dibq2JcFWxQPA6KCqj5O42VOmAY3zQUfEKxU0KpTGXwNoCjkX1e13eHNvw/xPynt6pU0rZ1htjWTNTSXsg==
  
  json-schema-traverse@^0.4.1:
    version "0.4.1"
    resolved "https://registry.npmjs.org/json-schema-traverse/-/json-schema-traverse-0.4.1.tgz"
    integrity sha512-xbbCH5dCYU5T8LcEhhuh7HJ88HXuW3qsI3Y0zOZFKfZEHcpWiHU/Jxzk629Brsab/mMiHQti9wMP+845RPe3Vg==
  
  json-schema@0.4.0:
    version "0.4.0"
    resolved "https://registry.npmjs.org/json-schema/-/json-schema-0.4.0.tgz"
    integrity sha512-es94M3nTIfsEPisRafak+HDLfHXnKBhV3vU5eqPcS3flIWqcxJWgXHXiey3YrpaNsanY5ei1VoYEbOzijuq9BA==
  
  json-stringify-safe@~5.0.1:
    version "5.0.1"
    resolved "https://registry.npmjs.org/json-stringify-safe/-/json-stringify-safe-5.0.1.tgz"
    integrity sha512-ZClg6AaYvamvYEE82d3Iyd3vSSIjQ+odgjaTzRuO3s7toCdFKczob2i0zCh7JE8kWn17yvAWhUVxvqGwUalsRA==
  
  jsprim@^1.2.2:
    version "1.4.2"
    resolved "https://registry.npmjs.org/jsprim/-/jsprim-1.4.2.tgz"
    integrity sha512-P2bSOMAc/ciLz6DzgjVlGJP9+BrJWu5UDGK70C2iweC5QBIeFf0ZXRvGjEj2uYgrY2MkAAhsSWHDWlFtEroZWw==
    dependencies:
      assert-plus "1.0.0"
      extsprintf "1.3.0"
      json-schema "0.4.0"
      verror "1.10.0"
  
  languages@^0.1.3:
    version "0.1.3"
    resolved "https://registry.npmjs.org/languages/-/languages-0.1.3.tgz"
    integrity sha512-E+u0KJ9LmqUx/O1y+5ALmjjBXy448JeXyWaYFOPj269EHnHoQYjYdLhejt1oe/2dUb8L98tJDCnmRRoJFr1mNw==
  
  lodash.assignin@^4.0.9:
    version "4.2.0"
    resolved "https://registry.npmjs.org/lodash.assignin/-/lodash.assignin-4.2.0.tgz"
    integrity sha512-yX/rx6d/UTVh7sSVWVSIMjfnz95evAgDFdb1ZozC35I9mSFCkmzptOzevxjgbQUsc78NR44LVHWjsoMQXy9FDg==
  
  lodash.bind@^4.1.4:
    version "4.2.1"
    resolved "https://registry.npmjs.org/lodash.bind/-/lodash.bind-4.2.1.tgz"
    integrity sha512-lxdsn7xxlCymgLYo1gGvVrfHmkjDiyqVv62FAeF2i5ta72BipE1SLxw8hPEPLhD4/247Ijw07UQH7Hq/chT5LA==
  
  lodash.defaults@^4.0.1:
    version "4.2.0"
    resolved "https://registry.npmjs.org/lodash.defaults/-/lodash.defaults-4.2.0.tgz"
    integrity sha512-qjxPLHd3r5DnsdGacqOMU6pb/avJzdh9tFX2ymgoZE27BmjXrNy/y4LoaiTeAb+O3gL8AfpJGtqfX/ae2leYYQ==
  
  lodash.filter@^4.4.0:
    version "4.6.0"
    resolved "https://registry.npmjs.org/lodash.filter/-/lodash.filter-4.6.0.tgz"
    integrity sha512-pXYUy7PR8BCLwX5mgJ/aNtyOvuJTdZAo9EQFUvMIYugqmJxnrYaANvTbgndOzHSCSR0wnlBBfRXJL5SbWxo3FQ==
  
  lodash.flatten@^4.2.0:
    version "4.4.0"
    resolved "https://registry.npmjs.org/lodash.flatten/-/lodash.flatten-4.4.0.tgz"
    integrity sha512-C5N2Z3DgnnKr0LOpv/hKCgKdb7ZZwafIrsesve6lmzvZIRZRGaZ/l6Q8+2W7NaT+ZwO3fFlSCzCzrDCFdJfZ4g==
  
  lodash.foreach@^4.3.0:
    version "4.5.0"
    resolved "https://registry.npmjs.org/lodash.foreach/-/lodash.foreach-4.5.0.tgz"
    integrity sha512-aEXTF4d+m05rVOAUG3z4vZZ4xVexLKZGF0lIxuHZ1Hplpk/3B6Z1+/ICICYRLm7c41Z2xiejbkCkJoTlypoXhQ==
  
  lodash.map@^4.4.0:
    version "4.6.0"
    resolved "https://registry.npmjs.org/lodash.map/-/lodash.map-4.6.0.tgz"
    integrity sha512-worNHGKLDetmcEYDvh2stPCrrQRkP20E4l0iIS7F8EvzMqBBi7ltvFN5m1HvTf1P7Jk1txKhvFcmYsCr8O2F1Q==
  
  lodash.merge@^4.4.0:
    version "4.6.2"
    resolved "https://registry.npmjs.org/lodash.merge/-/lodash.merge-4.6.2.tgz"
    integrity sha512-0KpjqXRVvrYyCsX1swR/XTK0va6VQkQM6MNo7PqW77ByjAhoARA8EfrP1N4+KlKj8YS0ZUCtRT/YUuhyYDujIQ==
  
  lodash.pick@^4.2.1:
    version "4.4.0"
    resolved "https://registry.npmjs.org/lodash.pick/-/lodash.pick-4.4.0.tgz"
    integrity sha512-hXt6Ul/5yWjfklSGvLQl8vM//l3FtyHZeuelpzK6mm99pNvN9yTDruNZPEJZD1oWrqo+izBmB7oUfWgcCX7s4Q==
  
  lodash.reduce@^4.4.0:
    version "4.6.0"
    resolved "https://registry.npmjs.org/lodash.reduce/-/lodash.reduce-4.6.0.tgz"
    integrity sha512-6raRe2vxCYBhpBu+B+TtNGUzah+hQjVdu3E17wfusjyrXBka2nBS8OH/gjVZ5PvHOhWmIZTYri09Z6n/QfnNMw==
  
  lodash.reject@^4.4.0:
    version "4.6.0"
    resolved "https://registry.npmjs.org/lodash.reject/-/lodash.reject-4.6.0.tgz"
    integrity sha512-qkTuvgEzYdyhiJBx42YPzPo71R1aEr0z79kAv7Ixg8wPFEjgRgJdUsGMG3Hf3OYSF/kHI79XhNlt+5Ar6OzwxQ==
  
  lodash.some@^4.4.0:
    version "4.6.0"
    resolved "https://registry.npmjs.org/lodash.some/-/lodash.some-4.6.0.tgz"
    integrity sha512-j7MJE+TuT51q9ggt4fSgVqro163BEFjAt3u97IqU+JA2DkWl80nFTrowzLpZ/BnpN7rrl0JA/593NAdd8p/scQ==
  
  lodash@^4.17.14:
    version "4.17.21"
    resolved "https://registry.npmjs.org/lodash/-/lodash-4.17.21.tgz"
    integrity sha512-v2kDEe57lecTulaDIuNTPy3Ry4gLGJ6Z1O3vE1krgXZNrsQ+LFTGHVxVjcXPs17LhbZVGedAJv8XZ1tvj5FvSg==
  
  long@^3.2.0, long@~3:
    version "3.2.0"
    resolved "https://registry.npmjs.org/long/-/long-3.2.0.tgz"
    integrity sha512-ZYvPPOMqUwPoDsbJaR10iQJYnMuZhRTvHYl62ErLIEX7RgFlziSBUUvrt3OVfc47QlHHpzPZYP17g3Fv7oeJkg==
  
  long@^4.0.0:
    version "4.0.0"
    resolved "https://registry.npmjs.org/long/-/long-4.0.0.tgz"
    integrity sha512-XsP+KhQif4bjX1kbuSiySJFNAehNxgLb6hPRGJ9QsUr8ajHkuXGdrHmFUTUUXhDwVX2R5bY4JNZEwbUiMhV+MA==
  
  lzma@^2.3.2:
    version "2.3.2"
    resolved "https://registry.npmjs.org/lzma/-/lzma-2.3.2.tgz"
    integrity sha512-DcfiawQ1avYbW+hsILhF38IKAlnguc/fjHrychs9hdxe4qLykvhT5VTGNs5YRWgaNePh7NTxGD4uv4gKsRomCQ==
  
  mime-db@1.52.0:
    version "1.52.0"
    resolved "https://registry.npmjs.org/mime-db/-/mime-db-1.52.0.tgz"
    integrity sha512-sPU4uV7dYlvtWJxwwxHD0PuihVNiE7TyAbQ5SWxDCB9mUYvOgroQOwYQQOKPJ8CIbE+1ETVlOoK1UC2nU3gYvg==
  
  mime-types@^2.1.12, mime-types@~2.1.19:
    version "2.1.35"
    resolved "https://registry.npmjs.org/mime-types/-/mime-types-2.1.35.tgz"
    integrity sha512-ZDY+bPm5zTTF+YpCrAU9nK0UgICYPT0QtT1NZWFv4s++TNkcgVaT0g6+4R2uI4MjQjzysHB1zxuWL50hzaeXiw==
    dependencies:
      mime-db "1.52.0"
  
  ms@2.1.2:
    version "2.1.2"
    resolved "https://registry.npmjs.org/ms/-/ms-2.1.2.tgz"
    integrity sha512-sGkPx+VjMtmA6MX27oA4FBFELFCZZ4S4XqeGOXCv68tT+jb3vk/RyaKWP0PTKyWtmLSM0b+adUTEvbs1PEaH2w==
  
  node-bignumber@^1.2.1:
    version "1.2.2"
    resolved "https://registry.yarnpkg.com/node-bignumber/-/node-bignumber-1.2.2.tgz#f9df5d8c6b6a5f7eab6e4d6c1e61b7d52557a9f4"
    integrity sha512-VoTZHmdFQpZH1+q1dz2qcHNCwTWsJg2T3PYwlAyDNFOfVhSYUKQBLFcCpCud+wJBGgCttGavZILaIggDIKqEQQ==
  
  nth-check@~1.0.1:
    version "1.0.2"
    resolved "https://registry.npmjs.org/nth-check/-/nth-check-1.0.2.tgz"
    integrity sha512-WeBOdju8SnzPN5vTUJYxYUxLeXpCaVP5i5e0LF8fg7WORF2Wd7wFX/pk0tYZk7s8T+J7VLy0Da6J1+wCT0AtHg==
    dependencies:
      boolbase "~1.0.0"
  
  oauth-sign@~0.9.0:
    version "0.9.0"
    resolved "https://registry.npmjs.org/oauth-sign/-/oauth-sign-0.9.0.tgz"
    integrity sha512-fexhUFFPTGV8ybAtSIGbV6gOkSv8UtRbDBnAyLQw4QPKkgNlsH2ByPGtMUqdWkos6YCRmAqViwgZrJc/mRDzZQ==
  
  object-is@^1.0.1:
    version "1.1.5"
    resolved "https://registry.npmjs.org/object-is/-/object-is-1.1.5.tgz"
    integrity sha512-3cyDsyHgtmi7I7DfSSI2LDp6SK2lwvtbg0p0R1e0RvTqF5ceGx+K2dfSjm1bKDMVCFEDAQvy+o8c6a7VujOddw==
    dependencies:
      call-bind "^1.0.2"
      define-properties "^1.1.3"
  
  object-keys@^1.1.1:
    version "1.1.1"
    resolved "https://registry.npmjs.org/object-keys/-/object-keys-1.1.1.tgz"
    integrity sha512-NuAESUOUMrlIXOfHKzD6bpPu3tYt3xvjNdRIQ+FeT0lNb4K8WR70CaDxhuNguS2XG+GjkyMwOzsN5ZktImfhLA==
  
  performance-now@^2.1.0:
    version "2.1.0"
    resolved "https://registry.npmjs.org/performance-now/-/performance-now-2.1.0.tgz"
    integrity sha512-7EAHlyLHI56VEIdK57uwHdHKIaAGbnXPiw0yWbarQZOKaKpvUIgW0jWRVLiatnM+XXlSwsanIBH/hzGMJulMow==
  
  permessage-deflate@^0.1.6:
    version "0.1.7"
    resolved "https://registry.npmjs.org/permessage-deflate/-/permessage-deflate-0.1.7.tgz"
    integrity sha512-EUNi/RIsyJ1P1u9QHFwMOUWMYetqlE22ZgGbad7YP856WF4BFF0B7DuNy6vEGsgNNud6c/SkdWzkne71hH8MjA==
    dependencies:
      safe-buffer "*"
  
  protobufjs@^6.8.8:
    version "6.11.3"
    resolved "https://registry.npmjs.org/protobufjs/-/protobufjs-6.11.3.tgz"
    integrity sha512-xL96WDdCZYdU7Slin569tFX712BxsxslWwAfAhCYjQKGTq7dAU91Lomy6nLLhh/dyGhk/YH4TwTSRxTzhuHyZg==
    dependencies:
      "@protobufjs/aspromise" "^1.1.2"
      "@protobufjs/base64" "^1.1.2"
      "@protobufjs/codegen" "^2.0.4"
      "@protobufjs/eventemitter" "^1.1.0"
      "@protobufjs/fetch" "^1.1.0"
      "@protobufjs/float" "^1.0.2"
      "@protobufjs/inquire" "^1.1.0"
      "@protobufjs/path" "^1.1.2"
      "@protobufjs/pool" "^1.1.0"
      "@protobufjs/utf8" "^1.1.0"
      "@types/long" "^4.0.1"
      "@types/node" ">=13.7.0"
      long "^4.0.0"
  
  psl@^1.1.28:
    version "1.9.0"
    resolved "https://registry.npmjs.org/psl/-/psl-1.9.0.tgz"
    integrity sha512-E/ZsdU4HLs/68gYzgGTkMicWTLPdAftJLfJFlLUAAKZGkStNU72sZjT66SnMDVOfOWY/YAoiD7Jxa9iHvngcag==
  
  punycode@^2.1.0, punycode@^2.1.1:
    version "2.1.1"
    resolved "https://registry.npmjs.org/punycode/-/punycode-2.1.1.tgz"
    integrity sha512-XRsRjdf+j5ml+y/6GKHPZbrF/8p2Yga0JPtdqTIY2Xe5ohJPD9saDJJLPvp9+NSBprVvevdXZybnj2cv8OEd0A==
  
  qs@~6.5.2:
    version "6.5.3"
    resolved "https://registry.npmjs.org/qs/-/qs-6.5.3.tgz"
    integrity sha512-qxXIEh4pCGfHICj1mAJQ2/2XVZkjCDTcEgfoSQxc/fYivUZxTkk7L3bDBJSoNrEzXI17oUO5Dp07ktqE5KzczA==
  
  queue@6.0.1:
    version "6.0.1"
    resolved "https://registry.npmjs.org/queue/-/queue-6.0.1.tgz"
    integrity sha512-AJBQabRCCNr9ANq8v77RJEv73DPbn55cdTb+Giq4X0AVnNVZvMHlYp7XlQiN+1npCZj1DuSmaA2hYVUUDgxFDg==
    dependencies:
      inherits "~2.0.3"
  
  readable-stream@^3.1.1:
    version "3.6.0"
    resolved "https://registry.npmjs.org/readable-stream/-/readable-stream-3.6.0.tgz"
    integrity sha512-BViHy7LKeTz4oNnkcLJ+lVSL6vpiFeX6/d3oSH8zCW7UxP2onchk+vTGB143xuFjHS3deTgkKoXXymXqymiIdA==
    dependencies:
      inherits "^2.0.3"
      string_decoder "^1.1.1"
      util-deprecate "^1.0.1"
  
  regexp.prototype.flags@^1.2.0:
    version "1.4.3"
    resolved "https://registry.npmjs.org/regexp.prototype.flags/-/regexp.prototype.flags-1.4.3.tgz"
    integrity sha512-fjggEOO3slI6Wvgjwflkc4NFRCTZAu5CnNfBd5qOMYhWdn67nJBBu34/TkD++eeFmd8C9r9jfXJ27+nSiRkSUA==
    dependencies:
      call-bind "^1.0.2"
      define-properties "^1.1.3"
      functions-have-names "^1.2.2"
  
  request@^2.88.0:
    version "2.88.2"
    resolved "https://registry.npmjs.org/request/-/request-2.88.2.tgz"
    integrity sha512-MsvtOrfG9ZcrOwAW+Qi+F6HbD0CWXEh9ou77uOb7FM2WPhwT7smM833PzanhJLsgXjN89Ir6V2PczXNnMpwKhw==
    dependencies:
      aws-sign2 "~0.7.0"
      aws4 "^1.8.0"
      caseless "~0.12.0"
      combined-stream "~1.0.6"
      extend "~3.0.2"
      forever-agent "~0.6.1"
      form-data "~2.3.2"
      har-validator "~5.1.3"
      http-signature "~1.2.0"
      is-typedarray "~1.0.0"
      isstream "~0.1.2"
      json-stringify-safe "~5.0.1"
      mime-types "~2.1.19"
      oauth-sign "~0.9.0"
      performance-now "^2.1.0"
      qs "~6.5.2"
      safe-buffer "^5.1.2"
      tough-cookie "~2.5.0"
      tunnel-agent "^0.6.0"
      uuid "^3.3.2"
  
  safe-buffer@*, safe-buffer@^5.0.1, safe-buffer@^5.1.2, safe-buffer@~5.2.0:
    version "5.2.1"
    resolved "https://registry.npmjs.org/safe-buffer/-/safe-buffer-5.2.1.tgz"
    integrity sha512-rp3So07KcdmmKbGvgaNxQSJr7bGVSVk5S9Eq1F+ppbRo70+YeaDxkw5Dd8NPN+GD6bjnYm2VuPuCXmpuYvmCXQ==
  
  safer-buffer@^2.0.2, safer-buffer@^2.1.0, safer-buffer@~2.1.0:
    version "2.1.2"
    resolved "https://registry.npmjs.org/safer-buffer/-/safer-buffer-2.1.2.tgz"
    integrity sha512-YZo3K82SD7Riyi0E1EQPojLz7kpepnSQI9IyPbHHg1XXXevb5dJI7tpyN2ADxGcQbHG7vcyRHk0cbwqcQriUtg==
  
  sax@>=0.6.0:
    version "1.2.4"
    resolved "https://registry.npmjs.org/sax/-/sax-1.2.4.tgz"
    integrity sha512-NqVDv9TpANUjFm0N8uM5GxL36UgKi9/atZw+x7YFnQ8ckwFGKrl4xX4yWtrey3UJm5nP1kUbnYgLopqWNSRhWw==
  
  smart-buffer@^4.2.0:
    version "4.2.0"
    resolved "https://registry.npmjs.org/smart-buffer/-/smart-buffer-4.2.0.tgz"
    integrity sha512-94hK0Hh8rPqQl2xXc3HsaBoOXKV20MToPkcXvwbISWLEs+64sBq5kFgn2kJDHb1Pry9yrP0dxrCI9RRci7RXKg==
  
  socks-proxy-agent@^7.0.0:
    version "7.0.0"
    resolved "https://registry.npmjs.org/socks-proxy-agent/-/socks-proxy-agent-7.0.0.tgz"
    integrity sha512-Fgl0YPZ902wEsAyiQ+idGd1A7rSFx/ayC1CQVMw5P+EQx2V0SgpGtf6OKFhVjPflPUl9YMmEOnmfjCdMUsygww==
    dependencies:
      agent-base "^6.0.2"
      debug "^4.3.3"
      socks "^2.6.2"
  
  socks@^2.6.2:
    version "2.7.1"
    resolved "https://registry.npmjs.org/socks/-/socks-2.7.1.tgz"
    integrity sha512-7maUZy1N7uo6+WVEX6psASxtNlKaNVMlGQKkG/63nEDdLOWNbiUMoLK7X4uYoLhQstau72mLgfEWcXcwsaHbYQ==
    dependencies:
      ip "^2.0.0"
      smart-buffer "^4.2.0"
  
  sshpk@^1.7.0:
    version "1.17.0"
    resolved "https://registry.npmjs.org/sshpk/-/sshpk-1.17.0.tgz"
    integrity sha512-/9HIEs1ZXGhSPE8X6Ccm7Nam1z8KcoCqPdI7ecm1N33EzAetWahvQWVqLZtaZQ+IDKX4IyA2o0gBzqIMkAagHQ==
    dependencies:
      asn1 "~0.2.3"
      assert-plus "^1.0.0"
      bcrypt-pbkdf "^1.0.0"
      dashdash "^1.12.0"
      ecc-jsbn "~0.1.1"
      getpass "^0.1.1"
      jsbn "~0.1.0"
      safer-buffer "^2.0.2"
      tweetnacl "~0.14.0"
  
  steam-appticket@^1.0.1:
    version "1.0.1"
    resolved "https://registry.npmjs.org/steam-appticket/-/steam-appticket-1.0.1.tgz"
    integrity sha512-oYVInCvJlPPaQPYW1+iGcVP0N0ZvwtWiCDM1Z353XJ8l4DXQI/N+R5yyaRQcHRH5oQv3+BY6gPF40lu7gwEiJw==
    dependencies:
      "@doctormckay/stdlib" "^1.6.0"
      "@doctormckay/steam-crypto" "^1.2.0"
      bytebuffer "^5.0.1"
      protobufjs "^6.8.8"
      steamid "^1.1.0"
  
  steam-totp@^1.5.0:
    version "1.5.0"
    resolved "https://registry.npmjs.org/steam-totp/-/steam-totp-1.5.0.tgz"
    integrity sha512-RMlBK5dFtgplDMYYGg/k80RqEntzBcl7C/0RF18fQh9+XPe/iEMsfKmIE+xj8I3hqJW1akANAC6gf+YpfZq52w==
    dependencies:
      "@doctormckay/stats-reporter" "^1.0.0"
  
  steam-totp@^2.0.1, steam-totp@^2.1.2:
    version "2.1.2"
    resolved "https://registry.npmjs.org/steam-totp/-/steam-totp-2.1.2.tgz"
    integrity sha512-bTKlc/NoIUQId+my+O556s55DDsNNXfVIPWFDNVu68beql7AJhV0c+GTjFxfwCDYfdc4NkAme+0WrDdnY2D2VA==
  
  steam-tradeoffer-manager@^2.10.5:
    version "2.10.5"
    resolved "https://registry.npmjs.org/steam-tradeoffer-manager/-/steam-tradeoffer-manager-2.10.5.tgz"
    integrity sha512-3HYen779ehkW2MqpfYjw9pA1b5+FtEWhjzAsQTNVtmA37BE099kpkruriqmeTuwJrpeexc7ddFAcaGCdxAIWUg==
    dependencies:
      "@doctormckay/stdlib" "^1.5.1"
      appdirectory "^0.1.0"
      async "^2.6.0"
      deep-equal "^1.0.1"
      file-manager "^1.0.1"
      languages "^0.1.3"
      steamcommunity "^3.33.1"
      steamid "^1.1.0"
  
  steam-user@^4.26.1:
    version "4.26.1"
    resolved "https://registry.npmjs.org/steam-user/-/steam-user-4.26.1.tgz"
    integrity sha512-DbXptjuhsaRH98LMmF0h3rqb+XlPmFCCmDnAPshIwp+U+5HMMTBOQZnpEqkmxxXBi/AADT7wtrYib4SDgyMx0Q==
    dependencies:
      "@bbob/parser" "^2.2.0"
      "@doctormckay/stdlib" "^1.11.1"
      "@doctormckay/steam-crypto" "^1.2.0"
      adm-zip "^0.4.13"
      appdirectory "^0.1.0"
      binarykvparser "^2.2.0"
      bytebuffer "^5.0.0"
      file-manager "^2.0.0"
      lzma "^2.3.2"
      protobufjs "^6.8.8"
      socks-proxy-agent "^7.0.0"
      steam-appticket "^1.0.1"
      steam-totp "^2.0.1"
      steamid "^1.1.0"
      vdf "^0.0.2"
      websocket13 "^2.1.3"
  
  steamcommunity@^3.33.1, steamcommunity@^3.44.3:
    version "3.44.3"
    resolved "https://registry.npmjs.org/steamcommunity/-/steamcommunity-3.44.3.tgz"
    integrity sha512-DU71oRMKUHYcOJWOOsVjSehSNbDjLTYLaHGZ8UwQ3YAL0c+kJ3A9Oe+fRilqpnV3KbtS4paulHBSg3UZ+eCHCQ==
    dependencies:
      async "^2.6.3"
      cheerio "0.22.0"
      image-size "^0.8.2"
      node-bignumber "^1.2.1"
      request "^2.88.0"
      steam-totp "^1.5.0"
      steamid "^1.1.3"
      xml2js "^0.4.22"
  
  steamid@^1.1.0, steamid@^1.1.3:
    version "1.1.3"
    resolved "https://registry.npmjs.org/steamid/-/steamid-1.1.3.tgz"
    integrity sha512-t86YjtP1LtPt8D+TaIARm6PtC9tBnF1FhxQeLFs6ohG7vDUfQuy/M8II14rx1TTUkVuYoWHP/7DlvTtoCGULcw==
    dependencies:
      cuint "^0.2.1"
  
  steamid@^2.0.0:
    version "2.0.0"
    resolved "https://registry.yarnpkg.com/steamid/-/steamid-2.0.0.tgz#6d4a51feb80638c1fe4793be77aa972996f4ad75"
    integrity sha512-+BFJMbo+IxzyfovLR37E7APkaNfmrL3S+88T7wTMRHnQ6LBhzEawPnjfWNKM9eUL/dH45j+7vhSX4WaGXoa4/Q==
  
  string_decoder@^1.1.1:
    version "1.3.0"
    resolved "https://registry.npmjs.org/string_decoder/-/string_decoder-1.3.0.tgz"
    integrity sha512-hkRX8U1WjJFd8LsDJ2yQ/wWWxaopEsABU1XfkM8A+j0+85JAGppt16cr1Whg6KIbb4okU6Mql6BOj+uup/wKeA==
    dependencies:
      safe-buffer "~5.2.0"
  
  tough-cookie@~2.5.0:
    version "2.5.0"
    resolved "https://registry.npmjs.org/tough-cookie/-/tough-cookie-2.5.0.tgz"
    integrity sha512-nlLsUzgm1kfLXSXfRZMc1KLAugd4hqJHDTvc2hDIwS3mZAfMEuMbc03SujMF+GEcpaX/qboeycw6iO8JwVv2+g==
    dependencies:
      psl "^1.1.28"
      punycode "^2.1.1"
  
  tunnel-agent@^0.6.0:
    version "0.6.0"
    resolved "https://registry.npmjs.org/tunnel-agent/-/tunnel-agent-0.6.0.tgz"
    integrity sha512-McnNiV1l8RYeY8tBgEpuodCC1mLUdbSN+CYBL7kJsJNInOP8UjDDEwdk6Mw60vdLLrr5NHKZhMAOSrR2NZuQ+w==
    dependencies:
      safe-buffer "^5.0.1"
  
  tweetnacl@^0.14.3, tweetnacl@~0.14.0:
    version "0.14.5"
    resolved "https://registry.npmjs.org/tweetnacl/-/tweetnacl-0.14.5.tgz"
    integrity sha512-KXXFFdAbFXY4geFIwoyNK+f5Z1b7swfXABfL7HXCmoIWMKU3dmS26672A4EeQtDzLKy7SXmfBu51JolvEKwtGA==
  
  typescript@^4.9.4:
    version "4.9.4"
    resolved "https://registry.npmjs.org/typescript/-/typescript-4.9.4.tgz"
    integrity sha512-Uz+dTXYzxXXbsFpM86Wh3dKCxrQqUcVMxwU54orwlJjOpO3ao8L7j5lH+dWfTwgCwIuM9GQ2kvVotzYJMXTBZg==
  
  uri-js@^4.2.2:
    version "4.4.1"
    resolved "https://registry.npmjs.org/uri-js/-/uri-js-4.4.1.tgz"
    integrity sha512-7rKUyy33Q1yc98pQ1DAmLtwX109F7TIfWlW1Ydo8Wl1ii1SeHieeh0HHfPeL2fMXK6z0s8ecKs9frCuLJvndBg==
    dependencies:
      punycode "^2.1.0"
  
  util-deprecate@^1.0.1:
    version "1.0.2"
    resolved "https://registry.npmjs.org/util-deprecate/-/util-deprecate-1.0.2.tgz"
    integrity sha512-EPD5q1uXyFxJpCrLnCc1nHnq3gOa6DZBocAIiI2TaSCA7VCJ1UJDMagCzIkXNsUYfD1daK//LTEQ8xiIbrHtcw==
  
  util@*:
    version "0.12.5"
    resolved "https://registry.npmjs.org/util/-/util-0.12.5.tgz"
    integrity sha512-kZf/K6hEIrWHI6XqOFUiiMa+79wE/D8Q+NCNAWclkyg3b4d2k7s0QGepNjiABc+aR3N1PAyHL7p6UcLY6LmrnA==
    dependencies:
      inherits "^2.0.3"
      is-arguments "^1.0.4"
      is-generator-function "^1.0.7"
      is-typed-array "^1.1.3"
      which-typed-array "^1.1.2"
  
  uuid@^3.3.2:
    version "3.4.0"
    resolved "https://registry.npmjs.org/uuid/-/uuid-3.4.0.tgz"
    integrity sha512-HjSDRw6gZE5JMggctHBcjVak08+KEVhSIiDzFnT9S9aegmp85S/bReBVTb4QTFaRNptJ9kuYaNhnbNEOkbKb/A==
  
  vdf@^0.0.2:
    version "0.0.2"
    resolved "https://registry.npmjs.org/vdf/-/vdf-0.0.2.tgz"
    integrity sha512-iqFbR0zZeXQGaJzr7g8tFdQAgqIO3aTGoTLQGDugbiX4AZGdkbzSS/q9MXbvOSTfdP4TAEYZ124QWwLoueKvSw==
    dependencies:
      util "*"
  
  verror@1.10.0:
    version "1.10.0"
    resolved "https://registry.npmjs.org/verror/-/verror-1.10.0.tgz"
    integrity sha512-ZZKSmDAEFOijERBLkmYfJ+vmk3w+7hOLYDNkRCuRuMJGEmqYNCNLyBBFwWKVMhfwaEF3WOd0Zlw86U/WC/+nYw==
    dependencies:
      assert-plus "^1.0.0"
      core-util-is "1.0.2"
      extsprintf "^1.2.0"
  
  websocket-extensions@^0.1.2:
    version "0.1.4"
    resolved "https://registry.npmjs.org/websocket-extensions/-/websocket-extensions-0.1.4.tgz"
    integrity sha512-OqedPIGOfsDlo31UNwYbCFMSaO9m9G/0faIHj5/dZFDMFqPTcx6UwqyOy3COEaEOg/9VsGIpdqn62W5KhoKSpg==
  
  websocket13@^2.1.3:
    version "2.2.0"
    resolved "https://registry.npmjs.org/websocket13/-/websocket13-2.2.0.tgz"
    integrity sha512-m3aS0sLEM9dRM2+Cvgakdr/oLqyfAObdUlUqU3gdw3PuI81k1Hw3PWdwJsehvRRlScHolA13yYsx/X3OUzsTLA==
    dependencies:
      "@doctormckay/stdlib" "^1.8.0"
      bytebuffer "^5.0.1"
      permessage-deflate "^0.1.6"
      websocket-extensions "^0.1.2"
  
  which-typed-array@^1.1.2:
    version "1.1.9"
    resolved "https://registry.npmjs.org/which-typed-array/-/which-typed-array-1.1.9.tgz"
    integrity sha512-w9c4xkx6mPidwp7180ckYWfMmvxpjlZuIudNtDf4N/tTAUB8VJbX25qZoAsrtGuYNnGw3pa0AXgbGKRB8/EceA==
    dependencies:
      available-typed-arrays "^1.0.5"
      call-bind "^1.0.2"
      for-each "^0.3.3"
      gopd "^1.0.1"
      has-tostringtag "^1.0.0"
      is-typed-array "^1.1.10"
  
  xml2js@^0.4.22:
    version "0.4.23"
    resolved "https://registry.npmjs.org/xml2js/-/xml2js-0.4.23.tgz"
    integrity sha512-ySPiMjM0+pLDftHgXY4By0uswI3SPKLDw/i3UXbnO8M/p28zqexCUoPmQFrYD+/1BzhGJSs2i1ERWKJAtiLrug==
    dependencies:
      sax ">=0.6.0"
      xmlbuilder "~11.0.0"
  
  xmlbuilder@~11.0.0:
    version "11.0.1"
    resolved "https://registry.npmjs.org/xmlbuilder/-/xmlbuilder-11.0.1.tgz"
    integrity sha512-fDlsI/kFEx7gLvbecc0/ohLG50fugQp8ryHzMTuW9vSa1GJ0XYWKnhsUx7oie3G98+r56aTQIUB4kht42R3JvA==
